<?xml version="1.0" encoding="UTF-8"?>
<testsuite xmlns:xsi="http://www.w3.org/2001/XMLSchema-instance" xsi:noNamespaceSchemaLocation="https://maven.apache.org/surefire/maven-surefire-plugin/xsd/surefire-test-report-3.0.xsd" version="3.0" name="com.jaylan.Springboot01QuickstartApplicationTests" time="2.786" tests="1" errors="0" skipped="0" failures="0">
  <properties>
[...]
</properties>
  <testcase name="contextLoads" classname="com.jaylan.Springboot01QuickstartApplicationTests" time="0.858">
    <system-out><![CDATA[17:16:06.390 [main] INFO org.springframework.test.context.support.AnnotationConfigContextLoaderUtils -- Could not detect default configuration classes for test class [com.jaylan.Springboot01QuickstartApplicationTests]: Springboot01QuickstartApplicationTests does not declare any static, non-private, non-final, nested classes annotated with @Configuration.
17:16:06.544 [main] INFO org.springframework.boot.test.context.SpringBootTestContextBootstrapper -- Found @SpringBootConfiguration com.jaylan.Springboot01QuickstartApplication for test class com.jaylan.Springboot01QuickstartApplicationTests

  .   ____          _            __ _ _
 /\\ / ___'_ __ _ _(_)_ __  __ _ \ \ \ \
( ( )\___ | '_ | '_| | '_ \/ _` | \ \ \ \
 \\/  ___)| |_)| | | | | || (_| |  ) ) ) )
  '  |____| .__|_| |_|_| |_\__, | / / / /
 =========|_|==============|___/=/_/_/_/
 :: Spring Boot ::                (v3.1.5)

2023-11-22T17:16:06.915+08:00  INFO 1400 --- [           main] j.Springboot01QuickstartApplicationTests : Starting Springboot01QuickstartApplicationTests using Java 17.0.8 with PID 1400 (started by Jaylan in F:\MyCoding\Spring\springboot_01_quickstart)
2023-11-22T17:16:06.917+08:00  INFO 1400 --- [           main] j.Springboot01QuickstartApplicationTests : No active profile set, falling back to 1 default profile: "default"
2023-11-22T17:16:08.140+08:00  INFO 1400 --- [           main] j.Springboot01QuickstartApplicationTests : Started Springboot01QuickstartApplicationTests in 1.436 seconds (process running for 2.457)
]]></system-out>
  </testcase>
</testsuite>